<?xml version="1.0" encoding="UTF-8"?>
<!-- Generated by org.testng.reporters.JUnitReportReporter -->
<testsuite hostname="LAPTOP-0JO53AU0" failures="0" tests="3" name="Runner.TestRunner" time="42.957" errors="0" timestamp="29 Oct 2023 18:04:27 GMT" skipped="0">
  <testcase classname="Runner.TestRunner" name="runScenario" time="12.570"/>
  <testcase classname="Runner.TestRunner" name="runScenario" time="8.958"/>
  <testcase classname="Runner.TestRunner" name="runScenario" time="21.429"/>
</testsuite> <!-- Runner.TestRunner -->
